# JRE version: Java(TM) SE Runtime Environment (15.0.2+7) (build 15.0.2+7-27)
# Java VM: Java HotSpot(TM) 64-Bit Server VM (15.0.2+7-27, mixed mode, sharing, tiered, compressed oops, g1 gc, windows-amd64)
GC Precious Log:
 CPUs: 8 total, 8 available
 Memory: 8001M
 Large Page Support: Disabled
 NUMA Support: Disabled
 Compressed Oops: Enabled (32-bit)
 Heap Region Size: 1M
 Heap Min Capacity: 8M
 Heap Initial Capacity: 126M
 Heap Max Capacity: 2002M
 Pre-touch: Disabled
 Parallel Workers: 8
 Concurrent Workers: 2
 Concurrent Refinement Workers: 8
 Periodic GC: Disabled
Heap:
 garbage-first heap   total 54272K, used 17594K [0x0000000082e00000, 0x0000000100000000)
  region size 1024K, 8 young (8192K), 2 survivors (2048K)
 Metaspace       used 23908K, capacity 25152K, committed 25472K, reserved 1069056K
  class space    used 4755K, capacity 5156K, committed 5248K, reserved 1048576K
GC Heap History (10 events):
Event: 0.607 GC heap before
{Heap before GC invocations=0 (full 0):
 garbage-first heap   total 129024K, used 23552K [0x0000000082e00000, 0x0000000100000000)
  region size 1024K, 23 young (23552K), 0 survivors (0K)
 Metaspace       used 7816K, capacity 10847K, committed 11008K, reserved 1058816K
  class space    used 1711K, capacity 1984K, committed 2048K, reserved 1048576K
}
Event: 0.615 GC heap after
{Heap after GC invocations=1 (full 0):
 garbage-first heap   total 129024K, used 4227K [0x0000000082e00000, 0x0000000100000000)
  region size 1024K, 3 young (3072K), 3 survivors (3072K)
 Metaspace       used 7816K, capacity 10847K, committed 11008K, reserved 1058816K
  class space    used 1711K, capacity 1984K, committed 2048K, reserved 1048576K
}
Event: 1.194 GC heap before
{Heap before GC invocations=1 (full 0):
 garbage-first heap   total 129024K, used 34947K [0x0000000082e00000, 0x0000000100000000)
  region size 1024K, 33 young (33792K), 3 survivors (3072K)
 Metaspace       used 12433K, capacity 14966K, committed 15104K, reserved 1060864K
  class space    used 2591K, capacity 2961K, committed 3072K, reserved 1048576K
}
Event: 1.202 GC heap after
{Heap after GC invocations=2 (full 0):
 garbage-first heap   total 129024K, used 6628K [0x0000000082e00000, 0x0000000100000000)
  region size 1024K, 3 young (3072K), 3 survivors (3072K)
 Metaspace       used 12433K, capacity 14966K, committed 15104K, reserved 1060864K
  class space    used 2591K, capacity 2961K, committed 3072K, reserved 1048576K
}
Event: 2.163 GC heap before
{Heap before GC invocations=2 (full 0):
 garbage-first heap   total 129024K, used 80356K [0x0000000082e00000, 0x0000000100000000)
  region size 1024K, 75 young (76800K), 3 survivors (3072K)
 Metaspace       used 17161K, capacity 19739K, committed 19840K, reserved 1064960K
  class space    used 3640K, capacity 4140K, committed 4224K, reserved 1048576K
}
Event: 2.171 GC heap after
{Heap after GC invocations=3 (full 0):
 garbage-first heap   total 129024K, used 8934K [0x0000000082e00000, 0x0000000100000000)
  region size 1024K, 5 young (5120K), 5 survivors (5120K)
 Metaspace       used 17161K, capacity 19739K, committed 19840K, reserved 1064960K
  class space    used 3640K, capacity 4140K, committed 4224K, reserved 1048576K
}
Event: 2.305 GC heap before
{Heap before GC invocations=3 (full 0):
 garbage-first heap   total 129024K, used 31462K [0x0000000082e00000, 0x0000000100000000)
  region size 1024K, 28 young (28672K), 5 survivors (5120K)
 Metaspace       used 18725K, capacity 21211K, committed 21296K, reserved 1067008K
  class space    used 3985K, capacity 4460K, committed 4480K, reserved 1048576K
}
Event: 2.312 GC heap after
{Heap after GC invocations=4 (full 0):
 garbage-first heap   total 129024K, used 11380K [0x0000000082e00000, 0x0000000100000000)
  region size 1024K, 7 young (7168K), 7 survivors (7168K)
 Metaspace       used 18725K, capacity 21211K, committed 21296K, reserved 1067008K
  class space    used 3985K, capacity 4460K, committed 4480K, reserved 1048576K
}
Event: 2.802 GC heap before
{Heap before GC invocations=5 (full 0):
 garbage-first heap   total 45056K, used 30836K [0x0000000082e00000, 0x0000000100000000)
  region size 1024K, 26 young (26624K), 7 survivors (7168K)
 Metaspace       used 23751K, capacity 24989K, committed 25216K, reserved 1069056K
  class space    used 4741K, capacity 5123K, committed 5248K, reserved 1048576K
}
Event: 2.809 GC heap after
{Heap after GC invocations=6 (full 0):
 garbage-first heap   total 54272K, used 12474K [0x0000000082e00000, 0x0000000100000000)
  region size 1024K, 2 young (2048K), 2 survivors (2048K)
 Metaspace       used 23751K, capacity 24989K, committed 25216K, reserved 1069056K
  class space    used 4741K, capacity 5123K, committed 5248K, reserved 1048576K
}

